# JRE version: 7.0_25-b15
# Java VM: Java HotSpot(TM) 64-Bit Server VM (23.25-b01 mixed mode bsd-amd64 compressed oops)
Heap
 PSYoungGen      total 396800K, used 380211K [0x00000007e0000000, 0x0000000800000000, 0x0000000800000000)
  eden space 317312K, 100% used [0x00000007e0000000,0x00000007f35e0000,0x00000007f35e0000)
  from space 79488K, 79% used [0x00000007fb260000,0x00000007fefccf18,0x0000000800000000)
  to   space 103488K, 35% used [0x00000007f35e0000,0x00000007f59a4270,0x00000007f9af0000)
 ParOldGen       total 349568K, used 131945K [0x00000007a0000000, 0x00000007b5560000, 0x00000007e0000000)
  object space 349568K, 37% used [0x00000007a0000000,0x00000007a80dc430,0x00000007b5560000)
 PSPermGen       total 108224K, used 108097K [0x0000000788000000, 0x000000078e9b0000, 0x00000007a0000000)
  object space 108224K, 99% used [0x0000000788000000,0x000000078e990628,0x000000078e9b0000)
GC Heap History (10 events):
Event: 8.180 GC heap after
Heap after GC invocations=4 (full 0):
 PSYoungGen      total 283968K, used 21799K [0x00000007e0000000, 0x00000007f2aa0000, 0x0000000800000000)
  eden space 262144K, 0% used [0x00000007e0000000,0x00000007e0000000,0x00000007f0000000)
  from space 21824K, 99% used [0x00000007f1550000,0x00000007f2a99f88,0x00000007f2aa0000)
  to   space 21824K, 0% used [0x00000007f0000000,0x00000007f0000000,0x00000007f1550000)
 ParOldGen       total 349568K, used 23269K [0x00000007a0000000, 0x00000007b5560000, 0x00000007e0000000)
  object space 349568K, 6% used [0x00000007a0000000,0x00000007a16b95d0,0x00000007b5560000)
 PSPermGen       total 56192K, used 56035K [0x0000000788000000, 0x000000078b6e0000, 0x00000007a0000000)
  object space 56192K, 99% used [0x0000000788000000,0x000000078b6b8df0,0x000000078b6e0000)
}
Event: 13.483 GC heap before
{Heap before GC invocations=5 (full 0):
 PSYoungGen      total 283968K, used 283943K [0x00000007e0000000, 0x00000007f2aa0000, 0x0000000800000000)
  eden space 262144K, 100% used [0x00000007e0000000,0x00000007f0000000,0x00000007f0000000)
  from space 21824K, 99% used [0x00000007f1550000,0x00000007f2a99f88,0x00000007f2aa0000)
  to   space 21824K, 0% used [0x00000007f0000000,0x00000007f0000000,0x00000007f1550000)
 ParOldGen       total 349568K, used 23269K [0x00000007a0000000, 0x00000007b5560000, 0x00000007e0000000)
  object space 349568K, 6% used [0x00000007a0000000,0x00000007a16b95d0,0x00000007b5560000)
 PSPermGen       total 88640K, used 88489K [0x0000000788000000, 0x000000078d690000, 0x00000007a0000000)
  object space 88640K, 99% used [0x0000000788000000,0x000000078d66a6c0,0x000000078d690000)
Event: 13.551 GC heap after
Heap after GC invocations=5 (full 0):
 PSYoungGen      total 283968K, used 21804K [0x00000007e0000000, 0x0000000800000000, 0x0000000800000000)
  eden space 262144K, 0% used [0x00000007e0000000,0x00000007e0000000,0x00000007f0000000)
  from space 21824K, 99% used [0x00000007f0000000,0x00000007f154b0c8,0x00000007f1550000)
  to   space 79488K, 0% used [0x00000007fb260000,0x00000007fb260000,0x0000000800000000)
 ParOldGen       total 349568K, used 83350K [0x00000007a0000000, 0x00000007b5560000, 0x00000007e0000000)
  object space 349568K, 23% used [0x00000007a0000000,0x00000007a5165910,0x00000007b5560000)
 PSPermGen       total 88640K, used 88489K [0x0000000788000000, 0x000000078d690000, 0x00000007a0000000)
  object space 88640K, 99% used [0x0000000788000000,0x000000078d66a6c0,0x000000078d690000)
}
Event: 154.373 GC heap before
{Heap before GC invocations=6 (full 0):
 PSYoungGen      total 283968K, used 283948K [0x00000007e0000000, 0x0000000800000000, 0x0000000800000000)
  eden space 262144K, 100% used [0x00000007e0000000,0x00000007f0000000,0x00000007f0000000)
  from space 21824K, 99% used [0x00000007f0000000,0x00000007f154b0c8,0x00000007f1550000)
  to   space 79488K, 0% used [0x00000007fb260000,0x00000007fb260000,0x0000000800000000)
 ParOldGen       total 349568K, used 83350K [0x00000007a0000000, 0x00000007b5560000, 0x00000007e0000000)
  object space 349568K, 23% used [0x00000007a0000000,0x00000007a5165910,0x00000007b5560000)
 PSPermGen       total 95552K, used 95451K [0x0000000788000000, 0x000000078dd50000, 0x00000007a0000000)
  object space 95552K, 99% used [0x0000000788000000,0x000000078dd36dc0,0x000000078dd50000)
Event: 154.421 GC heap after
Heap after GC invocations=6 (full 0):
 PSYoungGen      total 450688K, used 36070K [0x00000007e0000000, 0x0000000800000000, 0x0000000800000000)
  eden space 371200K, 0% used [0x00000007e0000000,0x00000007e0000000,0x00000007f6a80000)
  from space 79488K, 45% used [0x00000007fb260000,0x00000007fd599b38,0x0000000800000000)
  to   space 73600K, 0% used [0x00000007f6a80000,0x00000007f6a80000,0x00000007fb260000)
 ParOldGen       total 349568K, used 83358K [0x00000007a0000000, 0x00000007b5560000, 0x00000007e0000000)
  object space 349568K, 23% used [0x00000007a0000000,0x00000007a5167910,0x00000007b5560000)
 PSPermGen       total 95552K, used 95451K [0x0000000788000000, 0x000000078dd50000, 0x00000007a0000000)
  object space 95552K, 99% used [0x0000000788000000,0x000000078dd36dc0,0x000000078dd50000)
}
Event: 294.775 GC heap before
{Heap before GC invocations=7 (full 0):
 PSYoungGen      total 450688K, used 407270K [0x00000007e0000000, 0x0000000800000000, 0x0000000800000000)
  eden space 371200K, 100% used [0x00000007e0000000,0x00000007f6a80000,0x00000007f6a80000)
  from space 79488K, 45% used [0x00000007fb260000,0x00000007fd599b38,0x0000000800000000)
  to   space 73600K, 0% used [0x00000007f6a80000,0x00000007f6a80000,0x00000007fb260000)
 ParOldGen       total 349568K, used 83358K [0x00000007a0000000, 0x00000007b5560000, 0x00000007e0000000)
  object space 349568K, 23% used [0x00000007a0000000,0x00000007a5167910,0x00000007b5560000)
 PSPermGen       total 105728K, used 105631K [0x0000000788000000, 0x000000078e740000, 0x00000007a0000000)
  object space 105728K, 99% used [0x0000000788000000,0x000000078e727d10,0x000000078e740000)
Event: 294.893 GC heap after
Heap after GC invocations=7 (full 0):
 PSYoungGen      total 431104K, used 73590K [0x00000007e0000000, 0x0000000800000000, 0x0000000800000000)
  eden space 357504K, 0% used [0x00000007e0000000,0x00000007e0000000,0x00000007f5d20000)
  from space 73600K, 99% used [0x00000007f6a80000,0x00000007fb25da10,0x00000007fb260000)
  to   space 79488K, 0% used [0x00000007fb260000,0x00000007fb260000,0x0000000800000000)
 ParOldGen       total 349568K, used 111292K [0x00000007a0000000, 0x00000007b5560000, 0x00000007e0000000)
  object space 349568K, 31% used [0x00000007a0000000,0x00000007a6caf1b0,0x00000007b5560000)
 PSPermGen       total 105728K, used 105631K [0x0000000788000000, 0x000000078e740000, 0x00000007a0000000)
  object space 105728K, 99% used [0x0000000788000000,0x000000078e727d10,0x000000078e740000)
}
Event: 1122.275 GC heap before
{Heap before GC invocations=8 (full 0):
 PSYoungGen      total 431104K, used 431094K [0x00000007e0000000, 0x0000000800000000, 0x0000000800000000)
  eden space 357504K, 100% used [0x00000007e0000000,0x00000007f5d20000,0x00000007f5d20000)
  from space 73600K, 99% used [0x00000007f6a80000,0x00000007fb25da10,0x00000007fb260000)
  to   space 79488K, 0% used [0x00000007fb260000,0x00000007fb260000,0x0000000800000000)
 ParOldGen       total 349568K, used 111292K [0x00000007a0000000, 0x00000007b5560000, 0x00000007e0000000)
  object space 349568K, 31% used [0x00000007a0000000,0x00000007a6caf1b0,0x00000007b5560000)
 PSPermGen       total 105920K, used 105749K [0x0000000788000000, 0x000000078e770000, 0x00000007a0000000)
  object space 105920K, 99% used [0x0000000788000000,0x000000078e745780,0x000000078e770000)
Event: 1122.328 GC heap after
Heap after GC invocations=8 (full 0):
 PSYoungGen      total 396800K, used 62899K [0x00000007e0000000, 0x0000000800000000, 0x0000000800000000)
  eden space 317312K, 0% used [0x00000007e0000000,0x00000007e0000000,0x00000007f35e0000)
  from space 79488K, 79% used [0x00000007fb260000,0x00000007fefccf18,0x0000000800000000)
  to   space 103488K, 0% used [0x00000007f35e0000,0x00000007f35e0000,0x00000007f9af0000)
 ParOldGen       total 349568K, used 122022K [0x00000007a0000000, 0x00000007b5560000, 0x00000007e0000000)
  object space 349568K, 34% used [0x00000007a0000000,0x00000007a7729800,0x00000007b5560000)
 PSPermGen       total 105920K, used 105749K [0x0000000788000000, 0x000000078e770000, 0x00000007a0000000)
  object space 105920K, 99% used [0x0000000788000000,0x000000078e745780,0x000000078e770000)
}
Event: 1478.343 GC heap before
{Heap before GC invocations=9 (full 0):
 PSYoungGen      total 396800K, used 380211K [0x00000007e0000000, 0x0000000800000000, 0x0000000800000000)
  eden space 317312K, 100% used [0x00000007e0000000,0x00000007f35e0000,0x00000007f35e0000)
  from space 79488K, 79% used [0x00000007fb260000,0x00000007fefccf18,0x0000000800000000)
  to   space 103488K, 0% used [0x00000007f35e0000,0x00000007f35e0000,0x00000007f9af0000)
 ParOldGen       total 349568K, used 122022K [0x00000007a0000000, 0x00000007b5560000, 0x00000007e0000000)
  object space 349568K, 34% used [0x00000007a0000000,0x00000007a7729800,0x00000007b5560000)
 PSPermGen       total 108224K, used 108097K [0x0000000788000000, 0x000000078e9b0000, 0x00000007a0000000)
  object space 108224K, 99% used [0x0000000788000000,0x000000078e990628,0x000000078e9b0000)

