# JRE version: 7.0_25-b15
# Java VM: Java HotSpot(TM) 64-Bit Server VM (23.25-b01 mixed mode bsd-amd64 compressed oops)
Heap
 PSYoungGen      total 283968K, used 283947K [0x000000015d480000, 0x000000016ff20000, 0x000000017d480000)
  eden space 262144K, 100% used [0x000000015d480000,0x000000016d480000,0x000000016d480000)
  from space 21824K, 99% used [0x000000016e9d0000,0x000000016ff1ae90,0x000000016ff20000)
  to   space 21824K, 99% used [0x000000016d480000,0x000000016e9cecd8,0x000000016e9d0000)
 ParOldGen       total 349568K, used 8820K [0x000000011d480000, 0x00000001329e0000, 0x000000015d480000)
  object space 349568K, 2% used [0x000000011d480000,0x000000011dd1d330,0x00000001329e0000)
 PSPermGen       total 79040K, used 78874K [0x0000000105480000, 0x000000010a1b0000, 0x000000011d480000)
  object space 79040K, 99% used [0x0000000105480000,0x000000010a186820,0x000000010a1b0000)
GC Heap History (9 events):
Event: 2.216 GC heap before
{Heap before GC invocations=1 (full 0):
 PSYoungGen      total 152896K, used 131072K [0x000000015d480000, 0x0000000167f20000, 0x000000017d480000)
  eden space 131072K, 100% used [0x000000015d480000,0x0000000165480000,0x0000000165480000)
  from space 21824K, 0% used [0x00000001669d0000,0x00000001669d0000,0x0000000167f20000)
  to   space 21824K, 0% used [0x0000000165480000,0x0000000165480000,0x00000001669d0000)
 ParOldGen       total 349568K, used 0K [0x000000011d480000, 0x00000001329e0000, 0x000000015d480000)
  object space 349568K, 0% used [0x000000011d480000,0x000000011d480000,0x00000001329e0000)
 PSPermGen       total 22208K, used 22203K [0x0000000105480000, 0x0000000106a30000, 0x000000011d480000)
  object space 22208K, 99% used [0x0000000105480000,0x0000000106a2ed60,0x0000000106a30000)
Event: 2.237 GC heap after
Heap after GC invocations=1 (full 0):
 PSYoungGen      total 152896K, used 15129K [0x000000015d480000, 0x0000000167f20000, 0x000000017d480000)
  eden space 131072K, 0% used [0x000000015d480000,0x000000015d480000,0x0000000165480000)
  from space 21824K, 69% used [0x0000000165480000,0x00000001663464f8,0x00000001669d0000)
  to   space 21824K, 0% used [0x00000001669d0000,0x00000001669d0000,0x0000000167f20000)
 ParOldGen       total 349568K, used 8K [0x000000011d480000, 0x00000001329e0000, 0x000000015d480000)
  object space 349568K, 0% used [0x000000011d480000,0x000000011d482000,0x00000001329e0000)
 PSPermGen       total 22208K, used 22203K [0x0000000105480000, 0x0000000106a30000, 0x000000011d480000)
  object space 22208K, 99% used [0x0000000105480000,0x0000000106a2ed60,0x0000000106a30000)
}
Event: 3.542 GC heap before
{Heap before GC invocations=2 (full 0):
 PSYoungGen      total 152896K, used 146201K [0x000000015d480000, 0x0000000167f20000, 0x000000017d480000)
  eden space 131072K, 100% used [0x000000015d480000,0x0000000165480000,0x0000000165480000)
  from space 21824K, 69% used [0x0000000165480000,0x00000001663464f8,0x00000001669d0000)
  to   space 21824K, 0% used [0x00000001669d0000,0x00000001669d0000,0x0000000167f20000)
 ParOldGen       total 349568K, used 8K [0x000000011d480000, 0x00000001329e0000, 0x000000015d480000)
  object space 349568K, 0% used [0x000000011d480000,0x000000011d482000,0x00000001329e0000)
 PSPermGen       total 28544K, used 28520K [0x0000000105480000, 0x0000000107060000, 0x000000011d480000)
  object space 28544K, 99% used [0x0000000105480000,0x000000010705a310,0x0000000107060000)
Event: 3.555 GC heap after
Heap after GC invocations=2 (full 0):
 PSYoungGen      total 152896K, used 9793K [0x000000015d480000, 0x0000000167f20000, 0x000000017d480000)
  eden space 131072K, 0% used [0x000000015d480000,0x000000015d480000,0x0000000165480000)
  from space 21824K, 44% used [0x00000001669d0000,0x0000000167360410,0x0000000167f20000)
  to   space 21824K, 0% used [0x0000000165480000,0x0000000165480000,0x00000001669d0000)
 ParOldGen       total 349568K, used 16K [0x000000011d480000, 0x00000001329e0000, 0x000000015d480000)
  object space 349568K, 0% used [0x000000011d480000,0x000000011d484000,0x00000001329e0000)
 PSPermGen       total 28544K, used 28520K [0x0000000105480000, 0x0000000107060000, 0x000000011d480000)
  object space 28544K, 99% used [0x0000000105480000,0x000000010705a310,0x0000000107060000)
}
Event: 7.378 GC heap before
{Heap before GC invocations=3 (full 0):
 PSYoungGen      total 152896K, used 140865K [0x000000015d480000, 0x0000000167f20000, 0x000000017d480000)
  eden space 131072K, 100% used [0x000000015d480000,0x0000000165480000,0x0000000165480000)
  from space 21824K, 44% used [0x00000001669d0000,0x0000000167360410,0x0000000167f20000)
  to   space 21824K, 0% used [0x0000000165480000,0x0000000165480000,0x00000001669d0000)
 ParOldGen       total 349568K, used 16K [0x000000011d480000, 0x00000001329e0000, 0x000000015d480000)
  object space 349568K, 0% used [0x000000011d480000,0x000000011d484000,0x00000001329e0000)
 PSPermGen       total 41600K, used 41450K [0x0000000105480000, 0x0000000107d20000, 0x000000011d480000)
  object space 41600K, 99% used [0x0000000105480000,0x0000000107cfaa88,0x0000000107d20000)
Event: 7.431 GC heap after
Heap after GC invocations=3 (full 0):
 PSYoungGen      total 152896K, used 14975K [0x000000015d480000, 0x000000016ff20000, 0x000000017d480000)
  eden space 131072K, 0% used [0x000000015d480000,0x000000015d480000,0x0000000165480000)
  from space 21824K, 68% used [0x0000000165480000,0x000000016631fcf0,0x00000001669d0000)
  to   space 21824K, 0% used [0x000000016e9d0000,0x000000016e9d0000,0x000000016ff20000)
 ParOldGen       total 349568K, used 24K [0x000000011d480000, 0x00000001329e0000, 0x000000015d480000)
  object space 349568K, 0% used [0x000000011d480000,0x000000011d486000,0x00000001329e0000)
 PSPermGen       total 41600K, used 41450K [0x0000000105480000, 0x0000000107d20000, 0x000000011d480000)
  object space 41600K, 99% used [0x0000000105480000,0x0000000107cfaa88,0x0000000107d20000)
}
Event: 8.768 GC heap before
{Heap before GC invocations=4 (full 0):
 PSYoungGen      total 152896K, used 146047K [0x000000015d480000, 0x000000016ff20000, 0x000000017d480000)
  eden space 131072K, 100% used [0x000000015d480000,0x0000000165480000,0x0000000165480000)
  from space 21824K, 68% used [0x0000000165480000,0x000000016631fcf0,0x00000001669d0000)
  to   space 21824K, 0% used [0x000000016e9d0000,0x000000016e9d0000,0x000000016ff20000)
 ParOldGen       total 349568K, used 24K [0x000000011d480000, 0x00000001329e0000, 0x000000015d480000)
  object space 349568K, 0% used [0x000000011d480000,0x000000011d486000,0x00000001329e0000)
 PSPermGen       total 57536K, used 57511K [0x0000000105480000, 0x0000000108cb0000, 0x000000011d480000)
  object space 57536K, 99% used [0x0000000105480000,0x0000000108ca9fd8,0x0000000108cb0000)
Event: 8.801 GC heap after
Heap after GC invocations=4 (full 0):
 PSYoungGen      total 283968K, used 21803K [0x000000015d480000, 0x000000016ff20000, 0x000000017d480000)
  eden space 262144K, 0% used [0x000000015d480000,0x000000015d480000,0x000000016d480000)
  from space 21824K, 99% used [0x000000016e9d0000,0x000000016ff1ae90,0x000000016ff20000)
  to   space 21824K, 0% used [0x000000016d480000,0x000000016d480000,0x000000016e9d0000)
 ParOldGen       total 349568K, used 7725K [0x000000011d480000, 0x00000001329e0000, 0x000000015d480000)
  object space 349568K, 2% used [0x000000011d480000,0x000000011dc0b6b0,0x00000001329e0000)
 PSPermGen       total 57536K, used 57511K [0x0000000105480000, 0x0000000108cb0000, 0x000000011d480000)
  object space 57536K, 99% used [0x0000000105480000,0x0000000108ca9fd8,0x0000000108cb0000)
}
Event: 14.992 GC heap before
{Heap before GC invocations=5 (full 0):
 PSYoungGen      total 283968K, used 283947K [0x000000015d480000, 0x000000016ff20000, 0x000000017d480000)
  eden space 262144K, 100% used [0x000000015d480000,0x000000016d480000,0x000000016d480000)
  from space 21824K, 99% used [0x000000016e9d0000,0x000000016ff1ae90,0x000000016ff20000)
  to   space 21824K, 0% used [0x000000016d480000,0x000000016d480000,0x000000016e9d0000)
 ParOldGen       total 349568K, used 7725K [0x000000011d480000, 0x00000001329e0000, 0x000000015d480000)
  object space 349568K, 2% used [0x000000011d480000,0x000000011dc0b6b0,0x00000001329e0000)
 PSPermGen       total 79040K, used 78874K [0x0000000105480000, 0x000000010a1b0000, 0x000000011d480000)
  object space 79040K, 99% used [0x0000000105480000,0x000000010a186820,0x000000010a1b0000)

